<?xml version="1.0" encoding="UTF-8"?>
<!-- Generated by org.testng.reporters.JUnitXMLReporter -->
<testsuite ignored="0" hostname="LAPTOP-8EJEM4OC" failures="0" tests="3" name="Test" time="13.384" errors="0" timestamp="2022-09-19T23:04:06 IST">
  <testcase classname="testpageobjectmodelconcept.Testloginpage" name="@BeforeMethod setup" time="13.211">
    <failure type="org.openqa.selenium.TimeoutException" message="timeout: Timed out receiving message from renderer: -0.012
  (Session info: chrome=105.0.5195.127)
Build info: version: &amp;apos;4.4.0&amp;apos;, revision: &amp;apos;e5c75ed026a&amp;apos;
System info: host: &amp;apos;LAPTOP-8EJEM4OC&amp;apos;, ip: &amp;apos;192.168.1.4&amp;apos;, os.name: &amp;apos;Windows 10&amp;apos;, os.arch: &amp;apos;amd64&amp;apos;, os.version: &amp;apos;10.0&amp;apos;, java.version: &amp;apos;17.0.4&amp;apos;
Driver info: org.openqa.selenium.chrome.ChromeDriver
Command: [b3b7366aa487bb8ecf1a33912613dcc7, get {url=http://demo.guru99.com/v4/}]
Capabilities {acceptInsecureCerts: false, browserName: chrome, browserVersion: 105.0.5195.127, chrome: {chromedriverVersion: 105.0.5195.52 (412c95e51883..., userDataDir: C:\Users\Tamil\AppData\Loca...}, goog:chromeOptions: {debuggerAddress: localhost:51074}, networkConnectionEnabled: false, pageLoadStrategy: normal, platformName: WINDOWS, proxy: Proxy(), se:cdp: ws://localhost:51074/devtoo..., se:cdpVersion: 105.0.5195.127, setWindowRect: true, strictFileInteractability: false, timeouts: {implicit: 0, pageLoad: 300000, script: 30000}, unhandledPromptBehavior: dismiss and notify, webauthn:extension:credBlob: true, webauthn:extension:largeBlob: true, webauthn:virtualAuthenticators: true}
Session ID: b3b7366aa487bb8ecf1a33912613dcc7">
      <![CDATA[org.openqa.selenium.TimeoutException: timeout: Timed out receiving message from renderer: -0.012
  (Session info: chrome=105.0.5195.127)
Build info: version: '4.4.0', revision: 'e5c75ed026a'
System info: host: 'LAPTOP-8EJEM4OC', ip: '192.168.1.4', os.name: 'Windows 10', os.arch: 'amd64', os.version: '10.0', java.version: '17.0.4'
Driver info: org.openqa.selenium.chrome.ChromeDriver
Command: [b3b7366aa487bb8ecf1a33912613dcc7, get {url=http://demo.guru99.com/v4/}]
Capabilities {acceptInsecureCerts: false, browserName: chrome, browserVersion: 105.0.5195.127, chrome: {chromedriverVersion: 105.0.5195.52 (412c95e51883..., userDataDir: C:\Users\Tamil\AppData\Loca...}, goog:chromeOptions: {debuggerAddress: localhost:51074}, networkConnectionEnabled: false, pageLoadStrategy: normal, platformName: WINDOWS, proxy: Proxy(), se:cdp: ws://localhost:51074/devtoo..., se:cdpVersion: 105.0.5195.127, setWindowRect: true, strictFileInteractability: false, timeouts: {implicit: 0, pageLoad: 300000, script: 30000}, unhandledPromptBehavior: dismiss and notify, webauthn:extension:credBlob: true, webauthn:extension:largeBlob: true, webauthn:virtualAuthenticators: true}
Session ID: b3b7366aa487bb8ecf1a33912613dcc7
at org.openqa.selenium.remote.codec.w3c.W3CHttpResponseCodec.createException(W3CHttpResponseCodec.java:200)
at org.openqa.selenium.remote.codec.w3c.W3CHttpResponseCodec.decode(W3CHttpResponseCodec.java:133)
at org.openqa.selenium.remote.codec.w3c.W3CHttpResponseCodec.decode(W3CHttpResponseCodec.java:53)
at org.openqa.selenium.remote.HttpCommandExecutor.execute(HttpCommandExecutor.java:184)
at org.openqa.selenium.remote.service.DriverCommandExecutor.invokeExecute(DriverCommandExecutor.java:167)
at org.openqa.selenium.remote.service.DriverCommandExecutor.execute(DriverCommandExecutor.java:142)
at org.openqa.selenium.remote.RemoteWebDriver.execute(RemoteWebDriver.java:547)
at org.openqa.selenium.remote.RemoteWebDriver.get(RemoteWebDriver.java:310)
at pageobjectmodel.baseclasspage.Pagebaseclass.initialization(Pagebaseclass.java:56)
at testpageobjectmodelconcept.Testloginpage.setup(Testloginpage.java:23)
at java.base/java.util.ArrayList.forEach(ArrayList.java:1511)
... Removed 36 stack frames]]>
    </failure>
  </testcase> <!-- @BeforeMethod setup -->
  <testcase classname="testpageobjectmodelconcept.Testloginpage" name="@AfterMethod testclose" time="-1.663608845873E9">
    <skipped/>
  </testcase> <!-- @AfterMethod testclose -->
  <testcase classname="testpageobjectmodelconcept.Testloginpage" name="@BeforeMethod setup" time="-1.663608845882E9">
    <skipped/>
  </testcase> <!-- @BeforeMethod setup -->
  <testcase classname="testpageobjectmodelconcept.Testloginpage" name="@AfterMethod testclose" time="-1.663608845905E9">
    <skipped/>
  </testcase> <!-- @AfterMethod testclose -->
  <testcase classname="testpageobjectmodelconcept.Testloginpage" name="@BeforeMethod setup" time="-1.66360884591E9">
    <skipped/>
  </testcase> <!-- @BeforeMethod setup -->
  <testcase classname="testpageobjectmodelconcept.Testloginpage" name="@AfterMethod testclose" time="-1.663608845935E9">
    <skipped/>
  </testcase> <!-- @AfterMethod testclose -->
  <testcase classname="testpageobjectmodelconcept.Testloginpage" name="validatetit" time="0.0">
    <skipped/>
  </testcase> <!-- validatetit -->
  <testcase classname="testpageobjectmodelconcept.Testloginpage" name="imagecheck" time="0.0">
    <skipped/>
  </testcase> <!-- imagecheck -->
  <testcase classname="testpageobjectmodelconcept.Testloginpage" name="loginchecking" time="0.0">
    <skipped/>
  </testcase> <!-- loginchecking -->
</testsuite> <!-- Test -->
